Building DAG of jobs...
Using shell: /nix/store/kqbccy5vkrnbx0jb2klzx1sl4cjxpvzh-bash-interactive-5.1-p16/bin/bash
Provided cores: 1 (use --cores to define parallelism)
Rules claiming more threads will be scaled down.
Job stats:
job         count    min threads    max threads
--------  -------  -------------  -------------
twopoint        1              1              1
total           1              1              1

Select jobs to execute...

[Sat Jul 30 02:06:30 2022]
rule twopoint:
    input: /home/beyucel/Desktop/pymks/data/Microstructure.npy
    output: /home/beyucel/Desktop/pymks/data/twopoint12.npy
    jobid: 0
    reason: Missing output files: /home/beyucel/Desktop/pymks/data/twopoint12.npy
    resources: tmpdir=/run/user/1000

[Sat Jul 30 02:06:32 2022]
Finished job 0.
1 of 1 steps (100%) done
Complete log: .snakemake/log/2022-07-30T020630.611441.snakemake.log
